<?xml version="1.0" encoding="UTF-8"?>
<!-- Generated by org.testng.reporters.JUnitXMLReporter -->
<testsuite ignored="0" hostname="MSI" failures="0" tests="5" name="Test" time="6.044" errors="0" timestamp="2023-06-28T19:56:39 EDT">
  <testcase classname="Test.test" name="run1" time="0.005"/>
  <testcase classname="Test.test" name="run" time="0.001"/>
  <testcase classname="Test.Test1" name="run" time="0.0"/>
  <testcase classname="Test.Test1" name="run2" time="0.001"/>
  <testcase classname="Test.Testing" name="login" time="1.392"/>
</testsuite> <!-- Test -->
